<?xml version="1.0" encoding="UTF-8" ?>
<testsuite errors="0" failures="0" hostname="kicolobo-hp" name="estoque.ProdutoBuilderTests" tests="1" time="0.115" timestamp="2011-11-19T20:09:26">
  <properties />
  <testcase classname="estoque.ProdutoBuilderTests" name="testCriarProduto" time="0.11" />
  <system-out><![CDATA[--Output from testCriarProduto--
createNode [object,map] [nome:Produto de teste]
createNode [object name]
createNode [object,map] [nome:Categoria de teste]
createNode [object name]
setParent
createNode [object,map] [nome:Fornecedor quente, email:email@email.com]
createNode [object name]
setParent
]]></system-out>
  <system-err><![CDATA[--Output from testCriarProduto--
]]></system-err>
</testsuite>
