<?xml version="1.0" encoding="UTF-8" ?>
<testsuite errors="0" failures="0" hostname="kicolobo-hp" name="estoque.ProdutoControllerTests" tests="1" time="0.019" timestamp="2011-11-19T20:09:27">
  <properties />
  <testcase classname="estoque.ProdutoControllerTests" name="testSomething" time="0.015" />
  <system-out><![CDATA[--Output from testSomething--
]]></system-out>
  <system-err><![CDATA[--Output from testSomething--
]]></system-err>
</testsuite>
